app/build/intermediates/manifest_merge_blame_file/release/manifest-merger-blame-release-report.txt
1<?xml version="1.0" encoding="utf-8"?>
2<!-- suppress ALL -->
3<manifest xmlns:android="http://schemas.android.com/apk/res/android"
4    package="com.realappraiser.gharvalue"
5    android:versionCode="5"
6    android:versionName="2.0.4" >
7
8    <uses-sdk
9        android:minSdkVersion="19"
9-->src\main\AndroidManifest.xml
10        android:targetSdkVersion="30" />
10-->src\main\AndroidManifest.xml
11
12    <uses-permission android:name="android.permission.REQUEST_INSTALL_PACKAGES" />
12-->src\main\AndroidManifest.xml:6:5-83
12-->src\main\AndroidManifest.xml:6:22-80
13    <uses-permission android:name="android.permission.WRITE_EXTERNAL_STORAGE" />
13-->src\main\AndroidManifest.xml:7:5-81
13-->src\main\AndroidManifest.xml:7:22-78
14    <uses-permission android:name="android.permission.READ_EXTERNAL_STORAGE" />
14-->src\main\AndroidManifest.xml:8:5-80
14-->src\main\AndroidManifest.xml:8:22-77
15    <uses-permission android:name="com.google.android.providers.gsf.permission.READ_GSERVICES" />
15-->src\main\AndroidManifest.xml:9:5-98
15-->src\main\AndroidManifest.xml:9:22-95
16    <uses-permission android:name="android.permission.ACCESS_NETWORK_STATE" />
16-->src\main\AndroidManifest.xml:10:5-79
16-->src\main\AndroidManifest.xml:10:22-76
17    <uses-permission android:name="android.permission.INTERNET" />
17-->src\main\AndroidManifest.xml:11:5-67
17-->src\main\AndroidManifest.xml:11:22-64
18    <uses-permission android:name="android.permission.ACCESS_WIFI_STATE" />
18-->src\main\AndroidManifest.xml:12:5-76
18-->src\main\AndroidManifest.xml:12:22-73
19    <uses-permission android:name="android.permission.READ_PHONE_STATE" />
19-->src\main\AndroidManifest.xml:13:5-75
19-->src\main\AndroidManifest.xml:13:22-72
20    <uses-permission android:name="android.permission.WAKE_LOCK" />
20-->src\main\AndroidManifest.xml:14:5-68
20-->src\main\AndroidManifest.xml:14:22-65
21    <uses-permission android:name="android.permission.CAMERA" />
21-->src\main\AndroidManifest.xml:15:5-65
21-->src\main\AndroidManifest.xml:15:22-62
22    <uses-permission android:name="android.permission.CHANGE_NETWORK_STATE" />
22-->src\main\AndroidManifest.xml:16:5-79
22-->src\main\AndroidManifest.xml:16:22-76
23    <uses-permission android:name="android.permission.ACCESS_FINE_LOCATION" />
23-->src\main\AndroidManifest.xml:17:5-79
23-->src\main\AndroidManifest.xml:17:22-76
24    <uses-permission android:name="android.permission.ACCESS_COARSE_LOCATION" />
24-->src\main\AndroidManifest.xml:18:5-81
24-->src\main\AndroidManifest.xml:18:22-78
25
26    <uses-feature
26-->src\main\AndroidManifest.xml:21:5-23:35
27        android:name="android.hardware.camera"
27-->src\main\AndroidManifest.xml:22:9-47
28        android:required="true" />
28-->src\main\AndroidManifest.xml:23:9-32
29    <uses-feature
29-->src\main\AndroidManifest.xml:24:5-26:36
30        android:name="android.hardware.camera.autofocus"
30-->src\main\AndroidManifest.xml:25:9-57
31        android:required="false" />
31-->src\main\AndroidManifest.xml:26:9-33
32    <uses-feature
32-->[com.google.android.gms:play-services-maps:17.0.0] AndroidManifest.xml:26:5-28:35
33        android:glEsVersion="0x00020000"
33-->[com.google.android.gms:play-services-maps:17.0.0] AndroidManifest.xml:27:9-41
34        android:required="true" />
34-->[com.google.android.gms:play-services-maps:17.0.0] AndroidManifest.xml:28:9-32
35
36    <uses-permission android:name="android.permission.RECEIVE_BOOT_COMPLETED" />
36-->[androidx.work:work-runtime:2.3.3] AndroidManifest.xml:27:5-81
36-->[androidx.work:work-runtime:2.3.3] AndroidManifest.xml:27:22-78
37    <uses-permission android:name="android.permission.FOREGROUND_SERVICE" />
37-->[androidx.work:work-runtime:2.3.3] AndroidManifest.xml:28:5-77
37-->[androidx.work:work-runtime:2.3.3] AndroidManifest.xml:28:22-74
38    <uses-permission android:name="com.google.android.finsky.permission.BIND_GET_INSTALL_REFERRER_SERVICE" />
38-->[com.google.android.gms:play-services-measurement:18.0.0] AndroidManifest.xml:26:5-110
38-->[com.google.android.gms:play-services-measurement:18.0.0] AndroidManifest.xml:26:22-107
39
40    <application
40-->src\main\AndroidManifest.xml:28:5-127:19
41        android:name="com.realappraiser.gharvalue.MyApplication"
41-->src\main\AndroidManifest.xml:29:9-38
42        android:allowBackup="false"
42-->src\main\AndroidManifest.xml:35:9-36
43        android:appComponentFactory="androidx.core.app.CoreComponentFactory"
43-->[androidx.core:core:1.2.0] AndroidManifest.xml:24:18-86
44        android:hardwareAccelerated="false"
44-->src\main\AndroidManifest.xml:30:9-44
45        android:icon="@mipmap/launcher_logo"
45-->src\main\AndroidManifest.xml:31:9-45
46        android:isolatedProcess="true"
46-->src\main\AndroidManifest.xml:36:9-39
47        android:label="@string/app_name"
47-->src\main\AndroidManifest.xml:32:9-41
48        android:largeHeap="true"
48-->src\main\AndroidManifest.xml:33:9-33
49        android:requestLegacyExternalStorage="true"
49-->src\main\AndroidManifest.xml:40:9-52
50        android:supportsRtl="true"
50-->src\main\AndroidManifest.xml:37:9-35
51        android:theme="@style/AppTheme"
51-->src\main\AndroidManifest.xml:39:9-40
52        android:usesCleartextTraffic="true" >
52-->src\main\AndroidManifest.xml:38:9-44
53        <activity
53-->src\main\AndroidManifest.xml:43:9-52:20
54            android:name="com.realappraiser.gharvalue.activities.SplashActivity"
54-->src\main\AndroidManifest.xml:44:13-54
55            android:configChanges="keyboardHidden|orientation|screenSize"
55-->src\main\AndroidManifest.xml:45:13-74
56            android:screenOrientation="portrait"
56-->src\main\AndroidManifest.xml:46:13-49
57            android:theme="@style/Theme.AppCompat.Light.NoActionBar" >
57-->src\main\AndroidManifest.xml:47:13-69
58            <intent-filter>
58-->src\main\AndroidManifest.xml:48:13-51:29
59                <action android:name="android.intent.action.MAIN" />
59-->src\main\AndroidManifest.xml:49:17-69
59-->src\main\AndroidManifest.xml:49:25-66
60
61                <category android:name="android.intent.category.LAUNCHER" />
61-->src\main\AndroidManifest.xml:50:17-77
61-->src\main\AndroidManifest.xml:50:27-74
62            </intent-filter>
63        </activity>
64        <activity
64-->src\main\AndroidManifest.xml:53:9-56:52
65            android:name="com.realappraiser.gharvalue.activities.LoginActivity"
65-->src\main\AndroidManifest.xml:54:13-53
66            android:configChanges="keyboardHidden|orientation|screenSize"
66-->src\main\AndroidManifest.xml:55:13-74
67            android:screenOrientation="portrait" />
67-->src\main\AndroidManifest.xml:56:13-49
68        <activity
68-->src\main\AndroidManifest.xml:57:9-60:52
69            android:name="com.realappraiser.gharvalue.activities.HomeActivity"
69-->src\main\AndroidManifest.xml:58:13-52
70            android:configChanges="keyboardHidden|orientation|screenSize"
70-->src\main\AndroidManifest.xml:59:13-74
71            android:screenOrientation="portrait" />
71-->src\main\AndroidManifest.xml:60:13-49
72        <activity
72-->src\main\AndroidManifest.xml:61:9-64:52
73            android:name="com.realappraiser.gharvalue.activities.PdfViewer"
73-->src\main\AndroidManifest.xml:62:13-49
74            android:configChanges="keyboardHidden|orientation|screenSize"
74-->src\main\AndroidManifest.xml:63:13-74
75            android:screenOrientation="portrait" />
75-->src\main\AndroidManifest.xml:64:13-49
76        <activity
76-->src\main\AndroidManifest.xml:65:9-69:63
77            android:name="com.realappraiser.gharvalue.activities.PhotoLatLngTab"
77-->src\main\AndroidManifest.xml:66:13-54
78            android:configChanges="keyboardHidden|orientation|screenSize"
78-->src\main\AndroidManifest.xml:67:13-74
79            android:screenOrientation="portrait"
79-->src\main\AndroidManifest.xml:68:13-49
80            android:windowSoftInputMode="stateAlwaysHidden" />
80-->src\main\AndroidManifest.xml:69:13-60
81
82        <meta-data
82-->src\main\AndroidManifest.xml:71:9-73:69
83            android:name="com.google.android.gms.version"
83-->src\main\AndroidManifest.xml:72:13-58
84            android:value="@integer/google_play_services_version" />
84-->src\main\AndroidManifest.xml:73:13-66
85        <meta-data
85-->src\main\AndroidManifest.xml:74:9-76:55
86            android:name="com.google.android.geo.API_KEY"
86-->src\main\AndroidManifest.xml:75:13-58
87            android:value="@string/google_maps_key" />
87-->src\main\AndroidManifest.xml:76:13-52
88
89        <activity android:name="com.realappraiser.gharvalue.activities.ReportActivity" />
89-->src\main\AndroidManifest.xml:78:9-63
89-->src\main\AndroidManifest.xml:78:19-60
90        <activity android:name="com.realappraiser.gharvalue.activities.Testing" >
90-->src\main\AndroidManifest.xml:79:9-81:20
90-->src\main\AndroidManifest.xml:79:19-53
91        </activity>
92        <activity android:name="com.realappraiser.gharvalue.activities.MultiPhotoSelectActivity" />
92-->src\main\AndroidManifest.xml:82:9-73
92-->src\main\AndroidManifest.xml:82:19-70
93
94        <!--
95            <meta-data
96            android:name="io.fabric.ApiKey"
97            android:value="272118512cdfc461cc884a4ea36e846f6df0ada4" />
98        -->
99
100        <meta-data
100-->src\main\AndroidManifest.xml:88:9-90:37
101            android:name="firebase_crashlytics_collection_enabled"
101-->src\main\AndroidManifest.xml:89:13-67
102            android:value="false" />
102-->src\main\AndroidManifest.xml:90:13-34
103
104        <receiver
104-->src\main\AndroidManifest.xml:92:9-99:20
105            android:name="com.realappraiser.gharvalue.utils.ConnectionReceiver"
105-->src\main\AndroidManifest.xml:93:13-53
106            android:enabled="true" >
106-->src\main\AndroidManifest.xml:94:13-35
107            <intent-filter>
107-->src\main\AndroidManifest.xml:95:13-98:29
108                <action android:name="android.net.conn.CONNECTIVITY_CHANGE" />
108-->src\main\AndroidManifest.xml:96:17-79
108-->src\main\AndroidManifest.xml:96:25-76
109                <action android:name="android.net.wifi.WIFI_STATE_CHANGED" />
109-->src\main\AndroidManifest.xml:97:17-78
109-->src\main\AndroidManifest.xml:97:25-75
110            </intent-filter>
111        </receiver>
112
113        <provider
113-->src\main\AndroidManifest.xml:100:9-108:20
114            android:name="androidx.core.content.FileProvider"
114-->src\main\AndroidManifest.xml:101:13-62
115            android:authorities="com.realappraiser.gharvalue.fileprovider"
115-->src\main\AndroidManifest.xml:103:13-75
116            android:exported="false"
116-->src\main\AndroidManifest.xml:102:13-37
117            android:grantUriPermissions="true" >
117-->src\main\AndroidManifest.xml:104:13-47
118            <meta-data
118-->src\main\AndroidManifest.xml:105:13-107:54
119                android:name="android.support.FILE_PROVIDER_PATHS"
119-->src\main\AndroidManifest.xml:106:17-67
120                android:resource="@xml/file_paths" />
120-->src\main\AndroidManifest.xml:107:17-51
121        </provider>
122
123        <service
123-->src\main\AndroidManifest.xml:110:9-112:39
124            android:name="com.realappraiser.gharvalue.worker.GeoUpdate"
124-->src\main\AndroidManifest.xml:111:13-72
125            android:exported="false" />
125-->src\main\AndroidManifest.xml:112:13-37
126        <service
126-->src\main\AndroidManifest.xml:113:9-115:39
127            android:name="com.realappraiser.gharvalue.worker.LocationUpdatesIntentService"
127-->src\main\AndroidManifest.xml:114:13-91
128            android:exported="false" />
128-->src\main\AndroidManifest.xml:115:13-37
129
130        <receiver
130-->src\main\AndroidManifest.xml:117:9-125:20
131            android:name="com.realappraiser.gharvalue.worker.LocationUpdatesBroadcastReceiver"
131-->src\main\AndroidManifest.xml:118:13-95
132            android:exported="true"
132-->src\main\AndroidManifest.xml:120:13-36
133            android:permission="TODO" >
133-->src\main\AndroidManifest.xml:119:13-38
134            <intent-filter>
134-->src\main\AndroidManifest.xml:121:13-124:29
135                <action android:name="com.realappraiser.gharvalue.worker.                 locationupdatespendingintent.LocationUpdatesBroadcastReceiver.ACTION_PROCESS_UPDATES" />
135-->src\main\AndroidManifest.xml:122:17-123:104
135-->src\main\AndroidManifest.xml:122:17-123:104
136            </intent-filter>
137        </receiver>
138
139        <provider
139-->[com.squareup.picasso:picasso:2.71828] AndroidManifest.xml:8:9-11:40
140            android:name="com.squareup.picasso.PicassoProvider"
140-->[com.squareup.picasso:picasso:2.71828] AndroidManifest.xml:9:13-64
141            android:authorities="com.realappraiser.gharvalue.com.squareup.picasso"
141-->[com.squareup.picasso:picasso:2.71828] AndroidManifest.xml:10:13-72
142            android:exported="false" />
142-->[com.squareup.picasso:picasso:2.71828] AndroidManifest.xml:11:13-37
143
144        <service
144-->[com.google.firebase:firebase-crashlytics:17.3.0] AndroidManifest.xml:15:9-21:19
145            android:name="com.google.firebase.components.ComponentDiscoveryService"
145-->[com.google.firebase:firebase-crashlytics:17.3.0] AndroidManifest.xml:16:13-84
146            android:directBootAware="true"
146-->[com.google.firebase:firebase-common:19.4.0] AndroidManifest.xml:35:13-43
147            android:exported="false" >
147-->[com.google.firebase:firebase-crashlytics:17.3.0] AndroidManifest.xml:17:13-37
148            <meta-data
148-->[com.google.firebase:firebase-crashlytics:17.3.0] AndroidManifest.xml:18:13-20:85
149                android:name="com.google.firebase.components:com.google.firebase.crashlytics.CrashlyticsRegistrar"
149-->[com.google.firebase:firebase-crashlytics:17.3.0] AndroidManifest.xml:19:17-115
150                android:value="com.google.firebase.components.ComponentRegistrar" />
150-->[com.google.firebase:firebase-crashlytics:17.3.0] AndroidManifest.xml:20:17-82
151            <meta-data
151-->[com.google.firebase:firebase-config:20.0.1] AndroidManifest.xml:32:13-34:85
152                android:name="com.google.firebase.components:com.google.firebase.remoteconfig.RemoteConfigRegistrar"
152-->[com.google.firebase:firebase-config:20.0.1] AndroidManifest.xml:33:17-117
153                android:value="com.google.firebase.components.ComponentRegistrar" />
153-->[com.google.firebase:firebase-config:20.0.1] AndroidManifest.xml:34:17-82
154            <meta-data
154-->[com.google.android.gms:play-services-measurement-api:18.0.0] AndroidManifest.xml:30:13-32:85
155                android:name="com.google.firebase.components:com.google.firebase.analytics.connector.internal.AnalyticsConnectorRegistrar"
155-->[com.google.android.gms:play-services-measurement-api:18.0.0] AndroidManifest.xml:31:17-139
156                android:value="com.google.firebase.components.ComponentRegistrar" />
156-->[com.google.android.gms:play-services-measurement-api:18.0.0] AndroidManifest.xml:32:17-82
157            <meta-data
157-->[com.google.firebase:firebase-installations:16.3.4] AndroidManifest.xml:18:13-20:85
158                android:name="com.google.firebase.components:com.google.firebase.installations.FirebaseInstallationsRegistrar"
158-->[com.google.firebase:firebase-installations:16.3.4] AndroidManifest.xml:19:17-127
159                android:value="com.google.firebase.components.ComponentRegistrar" />
159-->[com.google.firebase:firebase-installations:16.3.4] AndroidManifest.xml:20:17-82
160            <meta-data
160-->[com.google.firebase:firebase-abt:20.0.0] AndroidManifest.xml:13:13-15:85
161                android:name="com.google.firebase.components:com.google.firebase.abt.component.AbtRegistrar"
161-->[com.google.firebase:firebase-abt:20.0.0] AndroidManifest.xml:14:17-109
162                android:value="com.google.firebase.components.ComponentRegistrar" />
162-->[com.google.firebase:firebase-abt:20.0.0] AndroidManifest.xml:15:17-82
163        </service> <!-- Needs to be explicitly declared on P+ -->
164        <uses-library
164-->[com.google.android.gms:play-services-maps:17.0.0] AndroidManifest.xml:33:9-35:40
165            android:name="org.apache.http.legacy"
165-->[com.google.android.gms:play-services-maps:17.0.0] AndroidManifest.xml:34:13-50
166            android:required="false" />
166-->[com.google.android.gms:play-services-maps:17.0.0] AndroidManifest.xml:35:13-37
167
168        <provider
168-->[com.iceteck.silicompressorr:silicompressor:2.2.4] AndroidManifest.xml:18:9-26:20
169            android:name="com.iceteck.silicompressorr.provider.GenericFileProvider"
169-->[com.iceteck.silicompressorr:silicompressor:2.2.4] AndroidManifest.xml:19:13-84
170            android:authorities="com.realappraiser.gharvalue.iceteck.silicompressor.provider"
170-->[com.iceteck.silicompressorr:silicompressor:2.2.4] AndroidManifest.xml:20:13-83
171            android:exported="false"
171-->[com.iceteck.silicompressorr:silicompressor:2.2.4] AndroidManifest.xml:21:13-37
172            android:grantUriPermissions="true" >
172-->[com.iceteck.silicompressorr:silicompressor:2.2.4] AndroidManifest.xml:22:13-47
173            <meta-data
173-->src\main\AndroidManifest.xml:105:13-107:54
174                android:name="android.support.FILE_PROVIDER_PATHS"
174-->src\main\AndroidManifest.xml:106:17-67
175                android:resource="@xml/provider_paths" />
175-->src\main\AndroidManifest.xml:107:17-51
176        </provider>
177        <provider
177-->[androidx.work:work-runtime:2.3.3] AndroidManifest.xml:31:9-37:35
178            android:name="androidx.work.impl.WorkManagerInitializer"
178-->[androidx.work:work-runtime:2.3.3] AndroidManifest.xml:32:13-69
179            android:authorities="com.realappraiser.gharvalue.workmanager-init"
179-->[androidx.work:work-runtime:2.3.3] AndroidManifest.xml:33:13-68
180            android:directBootAware="false"
180-->[androidx.work:work-runtime:2.3.3] AndroidManifest.xml:34:13-44
181            android:exported="false"
181-->[androidx.work:work-runtime:2.3.3] AndroidManifest.xml:35:13-37
182            android:multiprocess="true" />
182-->[androidx.work:work-runtime:2.3.3] AndroidManifest.xml:36:13-40
183
184        <service
184-->[androidx.work:work-runtime:2.3.3] AndroidManifest.xml:39:9-44:35
185            android:name="androidx.work.impl.background.systemalarm.SystemAlarmService"
185-->[androidx.work:work-runtime:2.3.3] AndroidManifest.xml:40:13-88
186            android:directBootAware="false"
186-->[androidx.work:work-runtime:2.3.3] AndroidManifest.xml:41:13-44
187            android:enabled="@bool/enable_system_alarm_service_default"
187-->[androidx.work:work-runtime:2.3.3] AndroidManifest.xml:42:13-72
188            android:exported="false" />
188-->[androidx.work:work-runtime:2.3.3] AndroidManifest.xml:43:13-37
189        <service
189-->[androidx.work:work-runtime:2.3.3] AndroidManifest.xml:45:9-51:35
190            android:name="androidx.work.impl.background.systemjob.SystemJobService"
190-->[androidx.work:work-runtime:2.3.3] AndroidManifest.xml:46:13-84
191            android:directBootAware="false"
191-->[androidx.work:work-runtime:2.3.3] AndroidManifest.xml:47:13-44
192            android:enabled="@bool/enable_system_job_service_default"
192-->[androidx.work:work-runtime:2.3.3] AndroidManifest.xml:48:13-70
193            android:exported="true"
193-->[androidx.work:work-runtime:2.3.3] AndroidManifest.xml:49:13-36
194            android:permission="android.permission.BIND_JOB_SERVICE" />
194-->[androidx.work:work-runtime:2.3.3] AndroidManifest.xml:50:13-69
195        <service
195-->[androidx.work:work-runtime:2.3.3] AndroidManifest.xml:52:9-57:35
196            android:name="androidx.work.impl.foreground.SystemForegroundService"
196-->[androidx.work:work-runtime:2.3.3] AndroidManifest.xml:53:13-81
197            android:directBootAware="false"
197-->[androidx.work:work-runtime:2.3.3] AndroidManifest.xml:54:13-44
198            android:enabled="@bool/enable_system_foreground_service_default"
198-->[androidx.work:work-runtime:2.3.3] AndroidManifest.xml:55:13-77
199            android:exported="false" />
199-->[androidx.work:work-runtime:2.3.3] AndroidManifest.xml:56:13-37
200
201        <receiver
201-->[androidx.work:work-runtime:2.3.3] AndroidManifest.xml:59:9-64:35
202            android:name="androidx.work.impl.utils.ForceStopRunnable$BroadcastReceiver"
202-->[androidx.work:work-runtime:2.3.3] AndroidManifest.xml:60:13-88
203            android:directBootAware="false"
203-->[androidx.work:work-runtime:2.3.3] AndroidManifest.xml:61:13-44
204            android:enabled="true"
204-->[androidx.work:work-runtime:2.3.3] AndroidManifest.xml:62:13-35
205            android:exported="false" />
205-->[androidx.work:work-runtime:2.3.3] AndroidManifest.xml:63:13-37
206        <receiver
206-->[androidx.work:work-runtime:2.3.3] AndroidManifest.xml:65:9-75:20
207            android:name="androidx.work.impl.background.systemalarm.ConstraintProxy$BatteryChargingProxy"
207-->[androidx.work:work-runtime:2.3.3] AndroidManifest.xml:66:13-106
208            android:directBootAware="false"
208-->[androidx.work:work-runtime:2.3.3] AndroidManifest.xml:67:13-44
209            android:enabled="false"
209-->[androidx.work:work-runtime:2.3.3] AndroidManifest.xml:68:13-36
210            android:exported="false" >
210-->[androidx.work:work-runtime:2.3.3] AndroidManifest.xml:69:13-37
211            <intent-filter>
211-->[androidx.work:work-runtime:2.3.3] AndroidManifest.xml:71:13-74:29
212                <action android:name="android.intent.action.ACTION_POWER_CONNECTED" />
212-->[androidx.work:work-runtime:2.3.3] AndroidManifest.xml:72:17-87
212-->[androidx.work:work-runtime:2.3.3] AndroidManifest.xml:72:25-84
213                <action android:name="android.intent.action.ACTION_POWER_DISCONNECTED" />
213-->[androidx.work:work-runtime:2.3.3] AndroidManifest.xml:73:17-90
213-->[androidx.work:work-runtime:2.3.3] AndroidManifest.xml:73:25-87
214            </intent-filter>
215        </receiver>
216        <receiver
216-->[androidx.work:work-runtime:2.3.3] AndroidManifest.xml:76:9-86:20
217            android:name="androidx.work.impl.background.systemalarm.ConstraintProxy$BatteryNotLowProxy"
217-->[androidx.work:work-runtime:2.3.3] AndroidManifest.xml:77:13-104
218            android:directBootAware="false"
218-->[androidx.work:work-runtime:2.3.3] AndroidManifest.xml:78:13-44
219            android:enabled="false"
219-->[androidx.work:work-runtime:2.3.3] AndroidManifest.xml:79:13-36
220            android:exported="false" >
220-->[androidx.work:work-runtime:2.3.3] AndroidManifest.xml:80:13-37
221            <intent-filter>
221-->[androidx.work:work-runtime:2.3.3] AndroidManifest.xml:82:13-85:29
222                <action android:name="android.intent.action.BATTERY_OKAY" />
222-->[androidx.work:work-runtime:2.3.3] AndroidManifest.xml:83:17-77
222-->[androidx.work:work-runtime:2.3.3] AndroidManifest.xml:83:25-74
223                <action android:name="android.intent.action.BATTERY_LOW" />
223-->[androidx.work:work-runtime:2.3.3] AndroidManifest.xml:84:17-76
223-->[androidx.work:work-runtime:2.3.3] AndroidManifest.xml:84:25-73
224            </intent-filter>
225        </receiver>
226        <receiver
226-->[androidx.work:work-runtime:2.3.3] AndroidManifest.xml:87:9-97:20
227            android:name="androidx.work.impl.background.systemalarm.ConstraintProxy$StorageNotLowProxy"
227-->[androidx.work:work-runtime:2.3.3] AndroidManifest.xml:88:13-104
228            android:directBootAware="false"
228-->[androidx.work:work-runtime:2.3.3] AndroidManifest.xml:89:13-44
229            android:enabled="false"
229-->[androidx.work:work-runtime:2.3.3] AndroidManifest.xml:90:13-36
230            android:exported="false" >
230-->[androidx.work:work-runtime:2.3.3] AndroidManifest.xml:91:13-37
231            <intent-filter>
231-->[androidx.work:work-runtime:2.3.3] AndroidManifest.xml:93:13-96:29
232                <action android:name="android.intent.action.DEVICE_STORAGE_LOW" />
232-->[androidx.work:work-runtime:2.3.3] AndroidManifest.xml:94:17-83
232-->[androidx.work:work-runtime:2.3.3] AndroidManifest.xml:94:25-80
233                <action android:name="android.intent.action.DEVICE_STORAGE_OK" />
233-->[androidx.work:work-runtime:2.3.3] AndroidManifest.xml:95:17-82
233-->[androidx.work:work-runtime:2.3.3] AndroidManifest.xml:95:25-79
234            </intent-filter>
235        </receiver>
236        <receiver
236-->[androidx.work:work-runtime:2.3.3] AndroidManifest.xml:98:9-107:20
237            android:name="androidx.work.impl.background.systemalarm.ConstraintProxy$NetworkStateProxy"
237-->[androidx.work:work-runtime:2.3.3] AndroidManifest.xml:99:13-103
238            android:directBootAware="false"
238-->[androidx.work:work-runtime:2.3.3] AndroidManifest.xml:100:13-44
239            android:enabled="false"
239-->[androidx.work:work-runtime:2.3.3] AndroidManifest.xml:101:13-36
240            android:exported="false" >
240-->[androidx.work:work-runtime:2.3.3] AndroidManifest.xml:102:13-37
241            <intent-filter>
241-->[androidx.work:work-runtime:2.3.3] AndroidManifest.xml:104:13-106:29
242                <action android:name="android.net.conn.CONNECTIVITY_CHANGE" />
242-->src\main\AndroidManifest.xml:96:17-79
242-->src\main\AndroidManifest.xml:96:25-76
243            </intent-filter>
244        </receiver>
245        <receiver
245-->[androidx.work:work-runtime:2.3.3] AndroidManifest.xml:108:9-119:20
246            android:name="androidx.work.impl.background.systemalarm.RescheduleReceiver"
246-->[androidx.work:work-runtime:2.3.3] AndroidManifest.xml:109:13-88
247            android:directBootAware="false"
247-->[androidx.work:work-runtime:2.3.3] AndroidManifest.xml:110:13-44
248            android:enabled="false"
248-->[androidx.work:work-runtime:2.3.3] AndroidManifest.xml:111:13-36
249            android:exported="false" >
249-->[androidx.work:work-runtime:2.3.3] AndroidManifest.xml:112:13-37
250            <intent-filter>
250-->[androidx.work:work-runtime:2.3.3] AndroidManifest.xml:114:13-118:29
251                <action android:name="android.intent.action.BOOT_COMPLETED" />
251-->[androidx.work:work-runtime:2.3.3] AndroidManifest.xml:115:17-79
251-->[androidx.work:work-runtime:2.3.3] AndroidManifest.xml:115:25-76
252                <action android:name="android.intent.action.TIME_SET" />
252-->[androidx.work:work-runtime:2.3.3] AndroidManifest.xml:116:17-73
252-->[androidx.work:work-runtime:2.3.3] AndroidManifest.xml:116:25-70
253                <action android:name="android.intent.action.TIMEZONE_CHANGED" />
253-->[androidx.work:work-runtime:2.3.3] AndroidManifest.xml:117:17-81
253-->[androidx.work:work-runtime:2.3.3] AndroidManifest.xml:117:25-78
254            </intent-filter>
255        </receiver>
256        <receiver
256-->[androidx.work:work-runtime:2.3.3] AndroidManifest.xml:120:9-129:20
257            android:name="androidx.work.impl.background.systemalarm.ConstraintProxyUpdateReceiver"
257-->[androidx.work:work-runtime:2.3.3] AndroidManifest.xml:121:13-99
258            android:directBootAware="false"
258-->[androidx.work:work-runtime:2.3.3] AndroidManifest.xml:122:13-44
259            android:enabled="@bool/enable_system_alarm_service_default"
259-->[androidx.work:work-runtime:2.3.3] AndroidManifest.xml:123:13-72
260            android:exported="false" >
260-->[androidx.work:work-runtime:2.3.3] AndroidManifest.xml:124:13-37
261            <intent-filter>
261-->[androidx.work:work-runtime:2.3.3] AndroidManifest.xml:126:13-128:29
262                <action android:name="androidx.work.impl.background.systemalarm.UpdateProxies" />
262-->[androidx.work:work-runtime:2.3.3] AndroidManifest.xml:127:17-98
262-->[androidx.work:work-runtime:2.3.3] AndroidManifest.xml:127:25-95
263            </intent-filter>
264        </receiver>
265
266        <service
266-->[androidx.room:room-runtime:2.2.3] AndroidManifest.xml:25:9-27:40
267            android:name="androidx.room.MultiInstanceInvalidationService"
267-->[androidx.room:room-runtime:2.2.3] AndroidManifest.xml:26:13-74
268            android:exported="false" />
268-->[androidx.room:room-runtime:2.2.3] AndroidManifest.xml:27:13-37
269
270        <provider
270-->[androidx.lifecycle:lifecycle-process:2.0.0] AndroidManifest.xml:23:9-27:43
271            android:name="androidx.lifecycle.ProcessLifecycleOwnerInitializer"
271-->[androidx.lifecycle:lifecycle-process:2.0.0] AndroidManifest.xml:24:13-79
272            android:authorities="com.realappraiser.gharvalue.lifecycle-process"
272-->[androidx.lifecycle:lifecycle-process:2.0.0] AndroidManifest.xml:25:13-69
273            android:exported="false"
273-->[androidx.lifecycle:lifecycle-process:2.0.0] AndroidManifest.xml:26:13-37
274            android:multiprocess="true" />
274-->[androidx.lifecycle:lifecycle-process:2.0.0] AndroidManifest.xml:27:13-40
275
276        <activity
276-->[com.google.android.gms:play-services-base:17.0.0] AndroidManifest.xml:23:9-26:75
277            android:name="com.google.android.gms.common.api.GoogleApiActivity"
277-->[com.google.android.gms:play-services-base:17.0.0] AndroidManifest.xml:24:13-79
278            android:exported="false"
278-->[com.google.android.gms:play-services-base:17.0.0] AndroidManifest.xml:25:13-37
279            android:theme="@android:style/Theme.Translucent.NoTitleBar" />
279-->[com.google.android.gms:play-services-base:17.0.0] AndroidManifest.xml:26:13-72
280
281        <provider
281-->[com.google.firebase:firebase-common:19.4.0] AndroidManifest.xml:26:9-31:39
282            android:name="com.google.firebase.provider.FirebaseInitProvider"
282-->[com.google.firebase:firebase-common:19.4.0] AndroidManifest.xml:27:13-77
283            android:authorities="com.realappraiser.gharvalue.firebaseinitprovider"
283-->[com.google.firebase:firebase-common:19.4.0] AndroidManifest.xml:28:13-72